08/01/2021 22:06:33 --> Play Pause Toggle

08/01/2021 22:06:34 --> Sound Vol Up

08/01/2021 22:06:34 --> Sound Vol Up

08/01/2021 22:06:34 --> Sound Vol Up

08/01/2021 22:06:35 --> Sound Vol Up

08/01/2021 22:06:35 --> Sound Vol Up

08/01/2021 22:06:35 --> Sound Vol Up

08/01/2021 22:06:35 --> Sound Vol Up

08/01/2021 22:06:35 --> Sound Vol Up

08/01/2021 22:06:36 --> Sound Vol Up

08/01/2021 22:06:36 --> Sound Vol Up

08/01/2021 22:06:36 --> Sound Vol Up

08/01/2021 22:06:36 --> Sound Vol Up

08/01/2021 22:06:36 --> Sound Vol Up

08/01/2021 22:06:37 --> Sound Vol Up

08/01/2021 22:06:37 --> Sound Vol Up

08/01/2021 22:06:37 --> Sound Vol Up

08/01/2021 22:06:37 --> Sound Vol Up

08/01/2021 22:06:38 --> Sound Vol Up

08/01/2021 22:06:38 --> Sound Vol Up

08/01/2021 22:06:38 --> Sound Vol Up

08/01/2021 22:06:38 --> Sound Vol Up

08/01/2021 22:06:38 --> Sound Vol Up

08/01/2021 22:06:39 --> Next Song

08/01/2021 22:06:43 --> Sound Vol Down

08/01/2021 22:06:43 --> Sound Vol Down

08/01/2021 22:06:44 --> Sound Vol Down

08/01/2021 22:06:46 --> Sound Vol Down

08/01/2021 22:06:46 --> Sound Vol Down

08/01/2021 22:06:46 --> Sound Vol Down

08/01/2021 22:06:47 --> Sound Vol Down

08/01/2021 22:06:47 --> Sound Vol Down

08/01/2021 22:06:47 --> Sound Vol Down

08/01/2021 22:06:47 --> Sound Vol Down

08/01/2021 22:06:48 --> Sound Vol Down

08/01/2021 22:06:48 --> Sound Vol Down

08/01/2021 22:06:48 --> Sound Vol Down

08/01/2021 22:06:48 --> Sound Vol Down

08/01/2021 22:06:48 --> Sound Vol Down

08/01/2021 22:06:49 --> Sound Vol Down

08/01/2021 22:06:49 --> Sound Vol Down

08/01/2021 22:06:50 --> Sound Vol Up

08/01/2021 22:06:50 --> Sound Vol Up

08/01/2021 22:06:50 --> Sound Vol Up

08/01/2021 22:06:50 --> Sound Vol Up

08/01/2021 22:06:51 --> Sound Vol Up

08/01/2021 22:06:51 --> Sound Vol Up

08/01/2021 22:06:52 --> Sound Vol Up

08/01/2021 22:06:52 --> Sound Vol Up

08/01/2021 22:06:52 --> Sound Vol Up

08/01/2021 22:06:52 --> Sound Vol Up

08/01/2021 22:06:52 --> Sound Vol Up

08/01/2021 22:07:33 --> Play Pause Toggle

08/01/2021 22:07:49 --> Play Pause Toggle

08/01/2021 22:07:55 --> Sound Vol Up

08/01/2021 22:08:01 --> Sound Vol Up

08/01/2021 22:08:01 --> Sound Vol Up

08/01/2021 22:08:01 --> Sound Vol Up

08/01/2021 22:08:01 --> Sound Vol Up

08/01/2021 22:08:01 --> Sound Vol Up

08/01/2021 22:08:02 --> Sound Vol Up

08/01/2021 22:08:02 --> Sound Vol Up

08/01/2021 22:08:02 --> Sound Vol Up

08/01/2021 22:08:02 --> Sound Vol Up

08/01/2021 22:08:02 --> Sound Vol Up

08/01/2021 22:08:03 --> Sound Vol Up

08/01/2021 22:08:03 --> Sound Vol Up

08/01/2021 22:08:03 --> Sound Vol Up

08/01/2021 22:08:03 --> Sound Vol Up

08/01/2021 22:08:03 --> Sound Vol Up

08/01/2021 22:08:04 --> Sound Vol Up

08/01/2021 22:08:04 --> Sound Vol Up

08/01/2021 22:08:04 --> Sound Vol Up

08/01/2021 22:08:04 --> Sound Vol Up

08/01/2021 22:08:04 --> Sound Vol Up

08/01/2021 22:08:05 --> Sound Vol Up

08/01/2021 22:08:05 --> Sound Vol Up

08/01/2021 22:08:05 --> Sound Vol Up

08/01/2021 22:08:05 --> Sound Vol Up

08/01/2021 22:08:05 --> Sound Vol Up

08/01/2021 22:08:06 --> Sound Vol Up

08/01/2021 22:08:06 --> Sound Vol Up

08/01/2021 22:08:08 --> Play Pause Toggle

08/01/2021 22:09:55 --> Play Pause Toggle

08/01/2021 22:09:58 --> Sound Vol Down

08/01/2021 22:09:58 --> Sound Vol Down

08/01/2021 22:09:58 --> Sound Vol Down

08/01/2021 22:09:59 --> Sound Vol Down

08/01/2021 22:09:59 --> Sound Vol Down

08/01/2021 22:09:59 --> Sound Vol Down

08/01/2021 22:09:59 --> Sound Vol Down

08/01/2021 22:10:00 --> Sound Vol Down

08/01/2021 22:10:00 --> Sound Vol Down

08/01/2021 22:10:00 --> Sound Vol Down

08/01/2021 22:10:00 --> Sound Vol Down

08/01/2021 22:10:01 --> Sound Vol Down

08/01/2021 22:10:02 --> Sound Vol Up

08/01/2021 22:10:03 --> Sound Vol Up

08/01/2021 22:10:03 --> Sound Vol Up

08/01/2021 22:10:03 --> Sound Vol Up

08/01/2021 22:10:04 --> Sound Vol Up

08/01/2021 22:10:04 --> Sound Vol Up

10/01/2021 11:39:50 --> Sound Vol Up

10/01/2021 11:39:51 --> Sound Vol Up

10/01/2021 11:42:01 --> Shut Down

10/01/2021 11:42:19 --> Play Pause Toggle

10/01/2021 11:42:21 --> Sound Vol Down

10/01/2021 11:42:21 --> Sound Vol Down

10/01/2021 11:42:21 --> Sound Vol Down

10/01/2021 11:42:21 --> Sound Vol Down

10/01/2021 11:42:22 --> Sound Vol Down

10/01/2021 11:42:22 --> Sound Vol Down

10/01/2021 11:42:23 --> Sound Vol Down

10/01/2021 11:42:23 --> Sound Vol Down

10/01/2021 11:42:24 --> Sound Vol Down

10/01/2021 11:42:24 --> Sound Vol Down

10/01/2021 11:42:24 --> Sound Vol Down

10/01/2021 11:42:24 --> Sound Vol Down

10/01/2021 11:42:25 --> Sound Vol Down

10/01/2021 11:42:25 --> Sound Vol Down

10/01/2021 11:42:25 --> Sound Vol Down

10/01/2021 11:42:28 --> Sound Vol Up

10/01/2021 11:42:30 --> Shut Down

10/01/2021 11:42:42 --> Next Song

10/01/2021 11:42:46 --> Next Song

10/01/2021 11:42:49 --> Next Song

10/01/2021 11:43:03 --> Sound Vol Up

10/01/2021 11:43:03 --> Sound Vol Up

10/01/2021 11:43:04 --> Sound Vol Up

10/01/2021 11:43:05 --> Sound Vol Up

10/01/2021 11:43:05 --> Sound Vol Up

10/01/2021 11:43:06 --> Sound Vol Up

10/01/2021 11:43:06 --> Sound Vol Up

10/01/2021 11:43:06 --> Sound Vol Up

10/01/2021 11:43:07 --> Sound Vol Up

10/01/2021 11:43:07 --> Sound Vol Up

10/01/2021 11:43:07 --> Sound Vol Up

10/01/2021 11:43:07 --> Sound Vol Up

10/01/2021 11:43:08 --> Sound Vol Up

10/01/2021 11:43:08 --> Sound Vol Up

10/01/2021 11:43:08 --> Sound Vol Up

10/01/2021 11:43:08 --> Sound Vol Up

10/01/2021 11:43:09 --> Sound Vol Up

10/01/2021 11:43:09 --> Sound Vol Up

10/01/2021 16:28:02 --> Sound Vol Down

10/01/2021 16:28:02 --> Sound Vol Down

10/01/2021 16:28:02 --> Sound Vol Down

10/01/2021 16:28:03 --> Sound Vol Up

10/01/2021 16:28:03 --> Sound Vol Up

10/01/2021 16:28:04 --> Sound Vol Up

10/01/2021 16:28:04 --> Sound Vol Up

10/01/2021 16:28:04 --> Sound Vol Up

10/01/2021 16:28:05 --> Sound Vol Up

10/01/2021 16:28:10 --> Sound Vol Up

10/01/2021 16:28:11 --> Sound Vol Up

10/01/2021 16:28:14 --> Sound Vol Down

10/01/2021 16:28:17 --> Sound Vol Up

10/01/2021 16:28:20 --> Play Pause Toggle

10/01/2021 16:28:22 --> Play Pause Toggle

10/01/2021 16:28:24 --> Sound Vol Down

10/01/2021 16:28:24 --> Sound Vol Down

10/01/2021 16:28:24 --> Sound Vol Down

10/01/2021 16:28:25 --> Sound Vol Down

10/01/2021 16:28:25 --> Sound Vol Down

10/01/2021 16:28:25 --> Sound Vol Down

10/01/2021 16:28:33 --> Shut Down

10/01/2021 16:31:54 --> Play Pause Toggle

10/01/2021 16:31:55 --> Play Pause Toggle

10/01/2021 16:31:58 --> Shut Down

10/01/2021 16:32:15 --> Restart

10/01/2021 16:34:07 --> Play Pause Toggle

10/01/2021 16:34:07 --> Play Pause Toggle

10/01/2021 16:34:08 --> Shut Down

10/01/2021 16:35:57 --> Shut Down

10/01/2021 16:40:15 --> Play Pause Toggle

10/01/2021 16:40:17 --> Play Pause Toggle

10/01/2021 16:40:19 --> Sound Vol Up

10/01/2021 16:40:19 --> Sound Vol Up

10/01/2021 16:40:19 --> Sound Vol Up

10/01/2021 16:40:20 --> Sound Vol Up

10/01/2021 16:40:21 --> Sound Vol Up

10/01/2021 16:40:21 --> Sound Vol Up

10/01/2021 16:40:21 --> Sound Vol Up

10/01/2021 16:40:21 --> Sound Vol Up

10/01/2021 16:40:22 --> Sound Vol Up

10/01/2021 16:40:23 --> Sound Vol Up

10/01/2021 16:40:28 --> Play Pause Toggle

10/01/2021 16:40:33 --> Next Song

10/01/2021 16:40:34 --> Previous Song

10/01/2021 16:40:41 --> Play Pause Toggle

10/01/2021 16:40:44 --> Next Song

10/01/2021 16:40:48 --> Play Pause Toggle

10/01/2021 16:40:55 --> Shut Down

