16/01/2021 13:20:18 --> Starting Network

16/01/2021 13:20:29 --> Starting Network

16/01/2021 13:21:47 --> Exiting UI

16/01/2021 13:27:20 --> Starting Network

16/01/2021 13:29:52 --> Starting Network

16/01/2021 13:30:02 --> Starting Network

16/01/2021 13:36:22 --> Starting Network

16/01/2021 13:36:27 --> Starting Network

16/01/2021 13:37:13 --> Starting Network

16/01/2021 13:39:19 --> Starting Network

16/01/2021 13:40:42 --> Starting Network

16/01/2021 13:41:07 --> Starting Network

16/01/2021 13:44:10 --> Starting Network

16/01/2021 13:44:53 --> Starting Network

16/01/2021 13:44:53 --> Starting Network

16/01/2021 13:45:03 --> Starting Network

16/01/2021 13:46:12 --> Starting Network

16/01/2021 13:47:11 --> Starting Network

16/01/2021 14:17:52 --> Starting Network

16/01/2021 14:23:18 --> Starting Network

16/01/2021 14:25:11 --> Starting Network

16/01/2021 14:26:55 --> Starting Network

16/01/2021 14:29:58 --> Starting Network

16/01/2021 15:05:56 --> Starting Network

16/01/2021 16:22:38 --> Starting Network

16/01/2021 16:25:10 --> Starting Network

16/01/2021 16:30:02 --> Starting Network

16/01/2021 16:30:58 --> Starting Network

16/01/2021 16:33:08 --> Starting Network

16/01/2021 16:35:28 --> Starting Network

16/01/2021 16:39:58 --> Starting Network

16/01/2021 16:40:08 --> Starting Network

17/01/2021 19:41:16 --> Starting Network

17/01/2021 19:43:04 --> Starting Network

17/01/2021 20:00:09 --> Starting Network

17/01/2021 20:02:01 --> Starting Network

17/01/2021 20:02:35 --> Starting Network

17/01/2021 20:03:06 --> Starting Network

17/01/2021 20:03:42 --> Starting Network

17/01/2021 20:04:02 --> Starting Network

17/01/2021 20:05:15 --> Starting Network

17/01/2021 20:05:27 --> Connection timeout! --> [WinError 10061] No connection could be made because the target machine actively refused it

17/01/2021 20:05:27 --> Starting Network

17/01/2021 20:05:27 --> Reconnecting...

17/01/2021 20:05:30 --> Connection timeout! --> [WinError 10061] No connection could be made because the target machine actively refused it

17/01/2021 20:05:34 --> Starting Network

17/01/2021 20:05:54 --> Starting Network

17/01/2021 20:07:08 --> Starting Network

17/01/2021 20:09:57 --> Starting Network

17/01/2021 20:11:53 --> Starting Network

17/01/2021 20:12:21 --> Starting Network

17/01/2021 20:14:57 --> Starting Network

17/01/2021 20:15:31 --> Starting Network

17/01/2021 20:15:39 --> Exiting UI

17/01/2021 20:17:37 --> Starting Network

17/01/2021 20:20:58 --> Exiting UI

17/01/2021 20:23:35 --> Starting Network

17/01/2021 20:29:16 --> Starting Network

17/01/2021 20:30:20 --> Starting Network

17/01/2021 20:30:40 --> Starting Network

17/01/2021 20:36:13 --> Starting Network

17/01/2021 20:36:40 --> Starting Network

17/01/2021 20:36:55 --> Starting Network

17/01/2021 20:37:24 --> Starting Network

17/01/2021 20:37:44 --> Starting Network

17/01/2021 20:37:50 --> Starting Network

17/01/2021 20:39:11 --> Starting Network

17/01/2021 20:39:38 --> Starting Network

17/01/2021 20:43:23 --> Starting Network

17/01/2021 20:44:20 --> Starting Network

17/01/2021 21:02:54 --> Starting Network

17/01/2021 21:03:43 --> Starting Network

17/01/2021 21:04:14 --> Starting Network

17/01/2021 21:04:45 --> Starting Network

17/01/2021 21:05:47 --> Starting Network

17/01/2021 21:11:30 --> Starting Network

17/01/2021 21:11:33 --> Starting Network

17/01/2021 21:12:16 --> Starting Network

17/01/2021 21:13:02 --> Starting Network

17/01/2021 21:13:42 --> Starting Network

17/01/2021 21:15:32 --> Starting Network

17/01/2021 21:15:48 --> Starting Network

17/01/2021 21:16:50 --> Starting Network

17/01/2021 21:17:16 --> Starting Network

17/01/2021 21:17:30 --> Starting Network

17/01/2021 21:17:54 --> Starting Network

17/01/2021 21:19:19 --> Starting Network

17/01/2021 21:20:06 --> Starting Network

17/01/2021 21:20:28 --> Starting Network

17/01/2021 21:20:58 --> Starting Network

17/01/2021 21:21:24 --> Starting Network

17/01/2021 21:22:33 --> Starting Network

17/01/2021 21:24:09 --> Starting Network

17/01/2021 21:24:13 --> Connection timeout! --> [WinError 10061] No connection could be made because the target machine actively refused it

17/01/2021 21:24:13 --> Starting Network

17/01/2021 21:24:13 --> Reconnecting...

17/01/2021 21:24:18 --> Connection timeout! --> [WinError 10061] No connection could be made because the target machine actively refused it

17/01/2021 21:24:18 --> Starting Network

17/01/2021 21:24:18 --> Reconnecting...

17/01/2021 21:24:22 --> Connection timeout! --> [WinError 10061] No connection could be made because the target machine actively refused it

17/01/2021 21:24:22 --> Starting Network

17/01/2021 21:24:22 --> Reconnecting...

17/01/2021 21:24:24 --> Connection timeout! --> [WinError 10061] No connection could be made because the target machine actively refused it

17/01/2021 21:24:24 --> Exiting UI

17/01/2021 21:24:28 --> Starting Network

17/01/2021 21:26:15 --> Starting Network

17/01/2021 21:26:33 --> Starting Network

17/01/2021 21:27:11 --> Starting Network

17/01/2021 21:27:43 --> Starting Network

17/01/2021 21:28:56 --> Starting Network

17/01/2021 21:29:09 --> Starting Network

17/01/2021 21:29:57 --> Connection timeout! --> [WinError 10061] No connection could be made because the target machine actively refused it

17/01/2021 21:29:57 --> Starting Network

17/01/2021 21:29:57 --> Reconnecting...

17/01/2021 21:36:30 --> Starting Network

17/01/2021 21:37:29 --> Starting Network

17/01/2021 21:38:00 --> Starting Network

17/01/2021 21:39:15 --> Starting Network

17/01/2021 21:40:18 --> Starting Network

17/01/2021 21:41:23 --> Starting Network

17/01/2021 21:41:43 --> Starting Network

17/01/2021 21:42:13 --> Starting Network

17/01/2021 22:05:05 --> Starting Network

17/01/2021 22:05:45 --> Starting Network

17/01/2021 22:07:23 --> Exiting UI

17/01/2021 22:16:21 --> Starting Network

17/01/2021 22:18:44 --> Starting Network

17/01/2021 22:20:09 --> Starting Network

17/01/2021 22:21:09 --> Starting Network

17/01/2021 22:21:34 --> Starting Network

17/01/2021 22:22:09 --> Starting Network

17/01/2021 22:22:36 --> Starting Network

17/01/2021 22:28:44 --> Starting Network

17/01/2021 22:35:41 --> Starting Network

17/01/2021 22:36:43 --> Starting Network

17/01/2021 22:37:36 --> Starting Network

17/01/2021 22:38:17 --> Starting Network

17/01/2021 22:41:31 --> Starting Network

17/01/2021 22:58:28 --> Starting Network

17/01/2021 22:58:41 --> Starting Network

17/01/2021 22:58:46 --> Starting Network

17/01/2021 23:36:49 --> Starting Network

17/01/2021 23:36:55 --> Starting Network

17/01/2021 23:38:12 --> Starting Network

17/01/2021 23:43:11 --> Starting Network

17/01/2021 23:43:32 --> Starting Network

18/01/2021 09:13:29 --> Starting Network

18/01/2021 09:14:33 --> Starting Network

18/01/2021 09:18:04 --> Starting Network

18/01/2021 09:22:13 --> Starting Network

18/01/2021 09:27:00 --> Starting Network

18/01/2021 09:27:11 --> Starting Network

18/01/2021 09:27:54 --> Starting Network

18/01/2021 09:29:26 --> Starting Network

18/01/2021 09:31:18 --> Starting Network

18/01/2021 09:31:28 --> Starting Network

18/01/2021 09:35:24 --> Starting Network

18/01/2021 09:36:30 --> Starting Network

18/01/2021 09:36:53 --> Starting Network

18/01/2021 09:42:42 --> Starting Network

18/01/2021 09:43:18 --> Starting Network

18/01/2021 09:43:49 --> Starting Network

18/01/2021 09:45:36 --> Starting Network

18/01/2021 09:48:02 --> Starting Network

18/01/2021 09:48:35 --> Starting Network

18/01/2021 09:50:54 --> Starting Network

18/01/2021 09:51:50 --> Starting Network

18/01/2021 09:56:06 --> Starting Network

18/01/2021 09:59:03 --> Starting Network

18/01/2021 09:59:22 --> Starting Network

18/01/2021 10:00:33 --> Starting Network

18/01/2021 10:01:44 --> Starting Network

18/01/2021 10:05:07 --> Starting Network

18/01/2021 10:13:44 --> Starting Network

18/01/2021 10:15:52 --> Starting Network

18/01/2021 10:16:05 --> Starting Network

18/01/2021 10:16:20 --> Starting Network

18/01/2021 10:16:41 --> Starting Network

18/01/2021 10:16:46 --> Starting Network

18/01/2021 10:16:50 --> Starting Network

18/01/2021 10:17:21 --> Starting Network

18/01/2021 10:17:26 --> Starting Network

18/01/2021 10:17:31 --> Starting Network

18/01/2021 10:17:38 --> Starting Network

18/01/2021 10:18:00 --> Starting Network

18/01/2021 10:18:05 --> Starting Network

18/01/2021 10:18:09 --> Starting Network

18/01/2021 10:18:13 --> Starting Network

18/01/2021 10:18:18 --> Starting Network

18/01/2021 10:18:22 --> Starting Network

18/01/2021 10:18:29 --> Starting Network

18/01/2021 10:18:40 --> Starting Network

18/01/2021 10:18:44 --> Starting Network

18/01/2021 10:18:47 --> Starting Network

18/01/2021 10:18:52 --> Starting Network

18/01/2021 10:19:35 --> Starting Network

18/01/2021 10:19:56 --> Starting Network

18/01/2021 10:20:00 --> Starting Network

18/01/2021 10:21:03 --> Starting Network

18/01/2021 10:21:54 --> Starting Network

18/01/2021 10:22:07 --> Starting Network

18/01/2021 10:22:11 --> Starting Network

18/01/2021 10:22:41 --> Starting Network

18/01/2021 10:24:10 --> Starting Network

18/01/2021 12:35:40 --> Starting Network

18/01/2021 12:35:48 --> Exiting UI

18/01/2021 12:38:20 --> Starting Network

18/01/2021 12:41:02 --> Exiting UI

18/01/2021 12:41:18 --> Starting Network

18/01/2021 12:51:04 --> Starting Network

18/01/2021 12:57:06 --> Starting Network

18/01/2021 13:10:09 --> Starting Network

18/01/2021 13:10:14 --> Starting Network

18/01/2021 13:11:19 --> Starting Network

18/01/2021 13:11:28 --> Starting Network

18/01/2021 13:11:30 --> Starting Network

18/01/2021 13:11:32 --> Starting Network

18/01/2021 13:11:33 --> Starting Network

18/01/2021 13:11:34 --> Starting Network

18/01/2021 13:11:36 --> Starting Network

18/01/2021 13:11:37 --> Starting Network

18/01/2021 13:11:38 --> Starting Network

18/01/2021 13:11:39 --> Starting Network

18/01/2021 13:11:40 --> Starting Network

18/01/2021 13:11:41 --> Starting Network

18/01/2021 13:11:43 --> Starting Network

18/01/2021 13:11:44 --> Starting Network

18/01/2021 13:11:45 --> Starting Network

18/01/2021 13:11:47 --> Starting Network

18/01/2021 13:11:48 --> Starting Network

18/01/2021 13:11:50 --> Starting Network

18/01/2021 13:11:51 --> Starting Network

18/01/2021 13:11:58 --> Starting Network

18/01/2021 13:12:00 --> Starting Network

18/01/2021 13:12:05 --> Exiting UI

18/01/2021 13:13:56 --> Starting Network

18/01/2021 13:17:45 --> Starting Network

18/01/2021 13:18:47 --> Starting Network

18/01/2021 13:22:22 --> Starting Network

18/01/2021 13:22:51 --> Exiting UI

18/01/2021 13:24:15 --> Starting Network

18/01/2021 13:24:32 --> Starting Network

18/01/2021 13:24:37 --> Exiting UI

18/01/2021 13:24:53 --> Starting Network

18/01/2021 13:25:15 --> Starting Network

18/01/2021 13:25:25 --> Starting Network

18/01/2021 13:27:45 --> Exiting UI

18/01/2021 13:29:46 --> Starting Network

18/01/2021 13:30:22 --> Exiting UI

18/01/2021 13:30:24 --> Starting Network

18/01/2021 13:31:12 --> Exiting UI

18/01/2021 13:31:16 --> Starting Network

18/01/2021 13:34:31 --> Starting Network

18/01/2021 13:36:33 --> Connection timeout! --> [WinError 10061] No connection could be made because the target machine actively refused it

18/01/2021 13:36:33 --> Starting Network

18/01/2021 13:36:33 --> Reconnecting...

18/01/2021 13:36:36 --> Connection timeout! --> [WinError 10061] No connection could be made because the target machine actively refused it

18/01/2021 13:36:46 --> Reconnecting...

18/01/2021 13:36:48 --> Connection timeout! --> [WinError 10061] No connection could be made because the target machine actively refused it

18/01/2021 13:36:58 --> Reconnecting...

18/01/2021 13:37:57 --> Exiting UI

18/01/2021 13:40:20 --> Starting Network

18/01/2021 13:40:46 --> Connection timeout! --> [WinError 10061] No connection could be made because the target machine actively refused it

18/01/2021 13:40:46 --> Starting Network

18/01/2021 13:40:46 --> Reconnecting...

18/01/2021 13:40:48 --> Connection timeout! --> [WinError 10061] No connection could be made because the target machine actively refused it

18/01/2021 13:40:58 --> Reconnecting...

18/01/2021 13:41:01 --> Connection timeout! --> [WinError 10061] No connection could be made because the target machine actively refused it

18/01/2021 13:41:11 --> Reconnecting...

18/01/2021 13:41:13 --> Connection timeout! --> [WinError 10061] No connection could be made because the target machine actively refused it

18/01/2021 13:41:23 --> Reconnecting...

18/01/2021 13:42:08 --> Starting Network

18/01/2021 13:43:46 --> Connection timeout! --> [WinError 10061] No connection could be made because the target machine actively refused it

18/01/2021 13:43:46 --> Starting Network

18/01/2021 13:43:46 --> Reconnecting...

18/01/2021 13:43:59 --> Exiting UI

18/01/2021 13:44:45 --> Starting Network

18/01/2021 13:44:49 --> Exiting UI

18/01/2021 13:45:22 --> Starting Network

18/01/2021 13:49:52 --> Starting Network

18/01/2021 13:50:06 --> Connection timeout! --> [WinError 10061] No connection could be made because the target machine actively refused it

18/01/2021 13:50:07 --> Starting Network

18/01/2021 13:50:07 --> Reconnecting...

18/01/2021 13:50:53 --> Starting Network

18/01/2021 13:53:04 --> Connection timeout! --> [WinError 10061] No connection could be made because the target machine actively refused it

18/01/2021 13:53:05 --> Starting Network

18/01/2021 13:53:05 --> Reconnecting...

18/01/2021 13:53:53 --> Connection timeout! --> [WinError 10061] No connection could be made because the target machine actively refused it

18/01/2021 13:53:53 --> Starting Network

18/01/2021 13:53:53 --> Reconnecting...

18/01/2021 14:15:51 --> Starting Network

18/01/2021 14:16:44 --> Starting Network

18/01/2021 14:20:30 --> Starting Network

18/01/2021 14:23:23 --> Starting Network

18/01/2021 14:24:23 --> Starting Network

18/01/2021 14:25:29 --> Starting Network

18/01/2021 14:25:59 --> Connection timeout! --> [WinError 10061] No connection could be made because the target machine actively refused it

18/01/2021 14:25:59 --> Starting Network

18/01/2021 14:25:59 --> Reconnecting...

18/01/2021 14:26:57 --> Starting Network

18/01/2021 14:30:35 --> Starting Network

18/01/2021 14:31:13 --> Starting Network

18/01/2021 14:34:27 --> Starting Network

18/01/2021 14:35:31 --> Starting Network

18/01/2021 14:52:54 --> Starting Network

18/01/2021 14:53:16 --> Starting Network

18/01/2021 14:54:06 --> Starting Network

18/01/2021 14:55:41 --> Starting Network

18/01/2021 14:56:03 --> Starting Network

18/01/2021 14:56:27 --> Starting Network

18/01/2021 14:56:31 --> Starting Network

18/01/2021 14:57:42 --> Starting Network

18/01/2021 14:57:53 --> Starting Network

18/01/2021 14:59:23 --> Starting Network

18/01/2021 14:59:30 --> Exiting UI

18/01/2021 14:59:37 --> Starting Network

18/01/2021 15:00:20 --> Starting Network

18/01/2021 15:00:28 --> Starting Network

18/01/2021 15:00:37 --> Starting Network

18/01/2021 15:00:42 --> Starting Network

18/01/2021 15:04:23 --> Starting Network

18/01/2021 15:07:31 --> Starting Network

18/01/2021 15:09:25 --> Starting Network

18/01/2021 15:10:08 --> Starting Network

18/01/2021 15:10:49 --> Starting Network

18/01/2021 15:12:03 --> Starting Network

18/01/2021 15:15:07 --> Starting Network

18/01/2021 15:25:11 --> Exiting UI

18/01/2021 15:28:02 --> Starting Network

18/01/2021 15:29:36 --> Connection timeout! --> [WinError 10061] No connection could be made because the target machine actively refused it

18/01/2021 15:29:36 --> Starting Network

18/01/2021 15:29:36 --> Reconnecting...

18/01/2021 15:29:39 --> Connection timeout! --> [WinError 10061] No connection could be made because the target machine actively refused it

18/01/2021 15:29:41 --> Exiting UI

18/01/2021 15:31:02 --> Connection timeout! --> [WinError 10061] No connection could be made because the target machine actively refused it

18/01/2021 15:31:02 --> Starting Network

18/01/2021 15:31:02 --> Reconnecting...

18/01/2021 15:31:05 --> Connection timeout! --> [WinError 10061] No connection could be made because the target machine actively refused it

18/01/2021 15:31:28 --> Starting Network

18/01/2021 15:34:12 --> Connection timeout! --> [WinError 10061] No connection could be made because the target machine actively refused it

18/01/2021 15:34:12 --> Starting Network

18/01/2021 15:34:12 --> Reconnecting...

18/01/2021 15:34:15 --> Exiting UI

18/01/2021 15:34:16 --> Connection timeout! --> [WinError 10061] No connection could be made because the target machine actively refused it

18/01/2021 15:36:32 --> Starting Network

18/01/2021 15:37:00 --> Starting Network

18/01/2021 15:37:10 --> Exiting UI

18/01/2021 15:37:14 --> Starting Network

18/01/2021 15:46:25 --> Connection timeout! --> [WinError 10061] No connection could be made because the target machine actively refused it

18/01/2021 15:46:25 --> Starting Network

18/01/2021 15:46:25 --> Reconnecting...

18/01/2021 15:46:27 --> Exiting UI

18/01/2021 15:46:28 --> Connection timeout! --> [WinError 10061] No connection could be made because the target machine actively refused it

18/01/2021 15:48:05 --> Starting Network

18/01/2021 15:52:47 --> Starting Network

20/01/2021 12:20:10 --> Starting Network

20/01/2021 12:26:40 --> Starting Network

20/01/2021 12:26:53 --> Starting Network

20/01/2021 12:27:11 --> Starting Network

20/01/2021 12:29:12 --> Starting Network

20/01/2021 12:29:18 --> Starting Network

20/01/2021 12:30:13 --> Starting Network

20/01/2021 12:30:31 --> Starting Network

20/01/2021 12:32:28 --> Starting Network

20/01/2021 12:34:09 --> Starting Network

20/01/2021 12:38:27 --> Starting Network

20/01/2021 12:39:58 --> Starting Network

20/01/2021 12:40:13 --> Starting Network

20/01/2021 12:44:48 --> Exiting UI

20/01/2021 12:58:58 --> Starting Network

20/01/2021 13:01:00 --> Starting Network

20/01/2021 13:01:51 --> Starting Network

20/01/2021 13:02:47 --> Starting Network

20/01/2021 13:04:09 --> Starting Network

20/01/2021 13:04:19 --> Starting Network

20/01/2021 13:30:49 --> Starting Network

20/01/2021 13:32:11 --> Starting Network

20/01/2021 13:32:26 --> Starting Network

20/01/2021 13:33:26 --> Starting Network

20/01/2021 13:33:36 --> Starting Network

20/01/2021 13:33:45 --> Exiting UI

20/01/2021 13:34:28 --> Starting Network

20/01/2021 13:45:16 --> Starting Network

20/01/2021 13:50:05 --> Starting Network

20/01/2021 13:50:25 --> Starting Network

20/01/2021 13:51:38 --> Starting Network

20/01/2021 13:52:22 --> Starting Network

20/01/2021 13:52:43 --> Starting Network

20/01/2021 14:01:29 --> Starting Network

20/01/2021 14:03:22 --> Starting Network

20/01/2021 14:05:03 --> Starting Network

20/01/2021 14:15:14 --> Starting Network

20/01/2021 14:16:27 --> Starting Network

20/01/2021 14:47:39 --> Starting Network

20/01/2021 14:48:38 --> Starting Network

20/01/2021 14:49:02 --> Starting Network

20/01/2021 14:51:08 --> Starting Network

20/01/2021 14:51:25 --> Starting Network

20/01/2021 15:01:45 --> Starting Network

20/01/2021 15:02:43 --> Starting Network

20/01/2021 15:05:36 --> Starting Network

20/01/2021 15:06:26 --> Starting Network

20/01/2021 16:24:44 --> Connection timeout! --> [WinError 10061] No connection could be made because the target machine actively refused it

20/01/2021 16:24:44 --> Starting Network

20/01/2021 16:24:44 --> Reconnecting...

20/01/2021 16:24:46 --> Exiting UI

20/01/2021 16:24:46 --> Connection timeout! --> [WinError 10061] No connection could be made because the target machine actively refused it

20/01/2021 16:24:56 --> Reconnecting...

20/01/2021 16:24:58 --> Connection timeout! --> [WinError 10061] No connection could be made because the target machine actively refused it

20/01/2021 16:25:02 --> Starting Network

20/01/2021 18:35:06 --> Starting Network

20/01/2021 18:47:32 --> Starting Network

20/01/2021 19:06:52 --> Starting Network

20/01/2021 19:13:10 --> Starting Network

20/01/2021 19:13:32 --> Starting Network

20/01/2021 19:14:49 --> Starting Network

20/01/2021 19:21:59 --> Starting Network

20/01/2021 19:24:20 --> Exiting UI

23/01/2021 19:10:20 --> Connection timeout! --> [WinError 10061] No connection could be made because the target machine actively refused it

23/01/2021 19:10:20 --> Starting Network

23/01/2021 19:10:20 --> Reconnecting...

23/01/2021 19:10:22 --> Connection timeout! --> [WinError 10061] No connection could be made because the target machine actively refused it

23/01/2021 19:10:32 --> Reconnecting...

23/01/2021 19:10:34 --> Connection timeout! --> [WinError 10061] No connection could be made because the target machine actively refused it

23/01/2021 19:10:44 --> Reconnecting...

23/01/2021 19:10:46 --> Connection timeout! --> [WinError 10061] No connection could be made because the target machine actively refused it

23/01/2021 19:10:58 --> Connection timeout! --> [WinError 10061] No connection could be made because the target machine actively refused it

23/01/2021 19:10:58 --> Starting Network

23/01/2021 19:10:58 --> Reconnecting...

23/01/2021 19:11:00 --> Connection timeout! --> [WinError 10061] No connection could be made because the target machine actively refused it

23/01/2021 19:11:10 --> Reconnecting...

23/01/2021 19:11:12 --> Connection timeout! --> [WinError 10061] No connection could be made because the target machine actively refused it

23/01/2021 19:11:16 --> Connection timeout! --> [WinError 10061] No connection could be made because the target machine actively refused it

23/01/2021 19:11:16 --> Starting Network

23/01/2021 19:11:16 --> Reconnecting...

23/01/2021 19:11:18 --> Connection timeout! --> [WinError 10061] No connection could be made because the target machine actively refused it

23/01/2021 19:11:30 --> Connection timeout! --> [WinError 10061] No connection could be made because the target machine actively refused it

23/01/2021 19:11:30 --> Starting Network

23/01/2021 19:11:30 --> Reconnecting...

23/01/2021 19:11:32 --> Connection timeout! --> [WinError 10061] No connection could be made because the target machine actively refused it

23/01/2021 19:11:33 --> Exiting UI

23/01/2021 19:11:42 --> Reconnecting...

23/01/2021 19:11:44 --> Connection timeout! --> [WinError 10061] No connection could be made because the target machine actively refused it

23/01/2021 19:11:54 --> Reconnecting...

23/01/2021 19:11:56 --> Connection timeout! --> [WinError 10061] No connection could be made because the target machine actively refused it

23/01/2021 19:12:06 --> Reconnecting...

23/01/2021 19:12:10 --> Connection timeout! --> [WinError 10061] No connection could be made because the target machine actively refused it

23/01/2021 19:12:10 --> Starting Network

23/01/2021 19:12:10 --> Reconnecting...

23/01/2021 19:12:12 --> Connection timeout! --> [WinError 10061] No connection could be made because the target machine actively refused it

23/01/2021 19:12:22 --> Connection timeout! --> [WinError 10061] No connection could be made because the target machine actively refused it

23/01/2021 19:12:22 --> Starting Network

23/01/2021 19:12:22 --> Reconnecting...

23/01/2021 19:12:24 --> Connection timeout! --> [WinError 10061] No connection could be made because the target machine actively refused it

23/01/2021 19:12:33 --> Exiting UI

23/01/2021 19:12:34 --> Reconnecting...

23/01/2021 19:12:36 --> Connection timeout! --> [WinError 10061] No connection could be made because the target machine actively refused it

23/01/2021 19:12:46 --> Reconnecting...

23/01/2021 19:12:48 --> Connection timeout! --> [WinError 10061] No connection could be made because the target machine actively refused it

23/01/2021 19:12:58 --> Reconnecting...

23/01/2021 19:13:00 --> Connection timeout! --> [WinError 10061] No connection could be made because the target machine actively refused it

23/01/2021 19:13:10 --> Reconnecting...

23/01/2021 19:13:12 --> Connection timeout! --> [WinError 10061] No connection could be made because the target machine actively refused it

23/01/2021 19:13:22 --> Reconnecting...

23/01/2021 19:13:24 --> Connection timeout! --> [WinError 10061] No connection could be made because the target machine actively refused it

23/01/2021 19:13:34 --> Reconnecting...

23/01/2021 19:13:36 --> Connection timeout! --> [WinError 10061] No connection could be made because the target machine actively refused it

23/01/2021 19:13:46 --> Reconnecting...

23/01/2021 19:17:12 --> Connection timeout! --> [WinError 10061] No connection could be made because the target machine actively refused it

23/01/2021 19:17:13 --> Starting Network

23/01/2021 19:17:13 --> Reconnecting...

23/01/2021 19:17:15 --> Connection timeout! --> [WinError 10061] No connection could be made because the target machine actively refused it

23/01/2021 19:17:25 --> Reconnecting...

23/01/2021 19:17:27 --> Connection timeout! --> [WinError 10061] No connection could be made because the target machine actively refused it

23/01/2021 19:17:37 --> Reconnecting...

23/01/2021 19:17:39 --> Connection timeout! --> [WinError 10061] No connection could be made because the target machine actively refused it

23/01/2021 19:17:44 --> Connection timeout! --> [WinError 10061] No connection could be made because the target machine actively refused it

23/01/2021 19:17:45 --> Starting Network

23/01/2021 19:17:45 --> Reconnecting...

23/01/2021 19:17:47 --> Connection timeout! --> [WinError 10061] No connection could be made because the target machine actively refused it

23/01/2021 19:17:53 --> Connection timeout! --> [WinError 10061] No connection could be made because the target machine actively refused it

23/01/2021 19:17:53 --> Starting Network

23/01/2021 19:17:53 --> Reconnecting...

23/01/2021 19:17:55 --> Connection timeout! --> [WinError 10061] No connection could be made because the target machine actively refused it

23/01/2021 19:18:06 --> Connection timeout! --> [WinError 10061] No connection could be made because the target machine actively refused it

23/01/2021 19:18:07 --> Starting Network

23/01/2021 19:18:07 --> Reconnecting...

23/01/2021 19:18:09 --> Connection timeout! --> [WinError 10061] No connection could be made because the target machine actively refused it

23/01/2021 19:18:19 --> Reconnecting...

23/01/2021 19:18:21 --> Connection timeout! --> [WinError 10061] No connection could be made because the target machine actively refused it

23/01/2021 19:18:27 --> Connection timeout! --> [WinError 10061] No connection could be made because the target machine actively refused it

23/01/2021 19:18:28 --> Starting Network

23/01/2021 19:18:28 --> Reconnecting...

23/01/2021 19:18:30 --> Connection timeout! --> [WinError 10061] No connection could be made because the target machine actively refused it

23/01/2021 19:18:40 --> Reconnecting...

23/01/2021 19:18:42 --> Connection timeout! --> [WinError 10061] No connection could be made because the target machine actively refused it

23/01/2021 19:18:53 --> Connection timeout! --> [WinError 10061] No connection could be made because the target machine actively refused it

23/01/2021 19:18:53 --> Starting Network

23/01/2021 19:18:53 --> Reconnecting...

23/01/2021 19:18:55 --> Connection timeout! --> [WinError 10061] No connection could be made because the target machine actively refused it

23/01/2021 19:19:05 --> Reconnecting...

23/01/2021 19:19:07 --> Connection timeout! --> [WinError 10061] No connection could be made because the target machine actively refused it

23/01/2021 19:19:12 --> Connection timeout! --> [WinError 10061] No connection could be made because the target machine actively refused it

23/01/2021 19:19:12 --> Starting Network

23/01/2021 19:19:12 --> Reconnecting...

23/01/2021 19:19:14 --> Connection timeout! --> [WinError 10061] No connection could be made because the target machine actively refused it

23/01/2021 19:19:24 --> Connection timeout! --> [WinError 10061] No connection could be made because the target machine actively refused it

23/01/2021 19:19:24 --> Starting Network

23/01/2021 19:19:24 --> Reconnecting...

23/01/2021 19:19:26 --> Connection timeout! --> [WinError 10061] No connection could be made because the target machine actively refused it

23/01/2021 19:19:32 --> Connection timeout! --> [WinError 10061] No connection could be made because the target machine actively refused it

23/01/2021 19:19:33 --> Starting Network

23/01/2021 19:19:33 --> Reconnecting...

23/01/2021 19:19:35 --> Connection timeout! --> [WinError 10061] No connection could be made because the target machine actively refused it

23/01/2021 19:19:45 --> Reconnecting...

23/01/2021 19:19:47 --> Connection timeout! --> [WinError 10061] No connection could be made because the target machine actively refused it

23/01/2021 19:19:57 --> Reconnecting...

23/01/2021 19:19:59 --> Connection timeout! --> [WinError 10061] No connection could be made because the target machine actively refused it

23/01/2021 19:20:09 --> Reconnecting...

23/01/2021 19:20:13 --> Connection timeout! --> [WinError 10061] No connection could be made because the target machine actively refused it

23/01/2021 19:20:13 --> Starting Network

23/01/2021 19:20:13 --> Reconnecting...

23/01/2021 19:20:15 --> Connection timeout! --> [WinError 10061] No connection could be made because the target machine actively refused it

23/01/2021 19:20:24 --> Exiting UI

23/01/2021 19:20:25 --> Reconnecting...

23/01/2021 19:20:28 --> Connection timeout! --> [WinError 10061] No connection could be made because the target machine actively refused it

23/01/2021 19:20:28 --> Starting Network

23/01/2021 19:20:28 --> Reconnecting...

23/01/2021 19:20:30 --> Connection timeout! --> [WinError 10061] No connection could be made because the target machine actively refused it

23/01/2021 19:20:40 --> Reconnecting...

23/01/2021 19:20:42 --> Connection timeout! --> [WinError 10061] No connection could be made because the target machine actively refused it

23/01/2021 19:20:52 --> Reconnecting...

23/01/2021 19:20:54 --> Connection timeout! --> [WinError 10061] No connection could be made because the target machine actively refused it

23/01/2021 19:21:03 --> Exiting UI

23/01/2021 19:21:04 --> Reconnecting...

23/01/2021 19:21:06 --> Connection timeout! --> [WinError 10061] No connection could be made because the target machine actively refused it

23/01/2021 19:21:09 --> Connection timeout! --> [WinError 10061] No connection could be made because the target machine actively refused it

23/01/2021 19:21:10 --> Starting Network

23/01/2021 19:21:10 --> Reconnecting...

23/01/2021 19:21:12 --> Connection timeout! --> [WinError 10061] No connection could be made because the target machine actively refused it

23/01/2021 19:21:22 --> Reconnecting...

23/01/2021 19:21:24 --> Connection timeout! --> [WinError 10061] No connection could be made because the target machine actively refused it

23/01/2021 19:21:34 --> Reconnecting...

23/01/2021 19:21:36 --> Connection timeout! --> [WinError 10061] No connection could be made because the target machine actively refused it

23/01/2021 19:21:42 --> Connection timeout! --> [WinError 10061] No connection could be made because the target machine actively refused it

23/01/2021 19:21:42 --> Starting Network

23/01/2021 19:21:42 --> Reconnecting...

23/01/2021 19:21:44 --> Connection timeout! --> [WinError 10061] No connection could be made because the target machine actively refused it

23/01/2021 19:21:51 --> Connection timeout! --> [WinError 10061] No connection could be made because the target machine actively refused it

23/01/2021 19:21:51 --> Starting Network

23/01/2021 19:21:51 --> Reconnecting...

23/01/2021 19:21:53 --> Connection timeout! --> [WinError 10061] No connection could be made because the target machine actively refused it

23/01/2021 19:22:03 --> Reconnecting...

23/01/2021 19:22:05 --> Connection timeout! --> [WinError 10061] No connection could be made because the target machine actively refused it

23/01/2021 19:22:15 --> Reconnecting...

23/01/2021 19:22:17 --> Connection timeout! --> [WinError 10061] No connection could be made because the target machine actively refused it

23/01/2021 19:24:14 --> Connection timeout! --> [WinError 10061] No connection could be made because the target machine actively refused it

23/01/2021 19:24:14 --> Starting Network

23/01/2021 19:24:14 --> Reconnecting...

23/01/2021 19:24:16 --> Connection timeout! --> [WinError 10061] No connection could be made because the target machine actively refused it

23/01/2021 19:24:26 --> Reconnecting...

23/01/2021 19:24:29 --> Connection timeout! --> [WinError 10061] No connection could be made because the target machine actively refused it

23/01/2021 19:24:39 --> Reconnecting...

23/01/2021 19:24:41 --> Connection timeout! --> [WinError 10061] No connection could be made because the target machine actively refused it

23/01/2021 19:24:43 --> Connection timeout! --> [WinError 10061] No connection could be made because the target machine actively refused it

23/01/2021 19:24:43 --> Starting Network

23/01/2021 19:24:43 --> Reconnecting...

23/01/2021 19:24:45 --> Connection timeout! --> [WinError 10061] No connection could be made because the target machine actively refused it

23/01/2021 19:24:55 --> Reconnecting...

23/01/2021 19:24:57 --> Connection timeout! --> [WinError 10061] No connection could be made because the target machine actively refused it

23/01/2021 19:25:07 --> Reconnecting...

23/01/2021 19:25:09 --> Connection timeout! --> [WinError 10061] No connection could be made because the target machine actively refused it

23/01/2021 19:25:19 --> Reconnecting...

23/01/2021 19:25:21 --> Connection timeout! --> [WinError 10061] No connection could be made because the target machine actively refused it

23/01/2021 19:25:31 --> Reconnecting...

23/01/2021 19:25:33 --> Connection timeout! --> [WinError 10061] No connection could be made because the target machine actively refused it

23/01/2021 19:25:38 --> Exiting UI

23/01/2021 19:25:43 --> Reconnecting...

23/01/2021 19:25:46 --> Connection timeout! --> [WinError 10061] No connection could be made because the target machine actively refused it

23/01/2021 19:25:56 --> Reconnecting...

23/01/2021 19:25:58 --> Connection timeout! --> [WinError 10061] No connection could be made because the target machine actively refused it

23/01/2021 19:26:08 --> Reconnecting...

23/01/2021 19:26:10 --> Connection timeout! --> [WinError 10061] No connection could be made because the target machine actively refused it

23/01/2021 19:26:20 --> Reconnecting...

23/01/2021 19:26:22 --> Connection timeout! --> [WinError 10061] No connection could be made because the target machine actively refused it

23/01/2021 19:26:32 --> Reconnecting...

23/01/2021 19:26:34 --> Connection timeout! --> [WinError 10061] No connection could be made because the target machine actively refused it

23/01/2021 19:26:44 --> Reconnecting...

23/01/2021 19:26:46 --> Connection timeout! --> [WinError 10061] No connection could be made because the target machine actively refused it

23/01/2021 19:26:56 --> Reconnecting...

23/01/2021 19:26:58 --> Connection timeout! --> [WinError 10061] No connection could be made because the target machine actively refused it

23/01/2021 19:27:08 --> Reconnecting...

23/01/2021 19:27:10 --> Connection timeout! --> [WinError 10061] No connection could be made because the target machine actively refused it

23/01/2021 19:27:20 --> Reconnecting...

23/01/2021 19:27:22 --> Connection timeout! --> [WinError 10061] No connection could be made because the target machine actively refused it

23/01/2021 19:27:31 --> Connection timeout! --> [WinError 10061] No connection could be made because the target machine actively refused it

23/01/2021 19:27:31 --> Starting Network

23/01/2021 19:27:31 --> Reconnecting...

23/01/2021 19:27:33 --> Connection timeout! --> [WinError 10061] No connection could be made because the target machine actively refused it

23/01/2021 19:27:43 --> Reconnecting...

23/01/2021 19:27:45 --> Connection timeout! --> [WinError 10061] No connection could be made because the target machine actively refused it

23/01/2021 19:27:49 --> Connection timeout! --> [WinError 10061] No connection could be made because the target machine actively refused it

23/01/2021 19:27:49 --> Starting Network

23/01/2021 19:27:49 --> Reconnecting...

23/01/2021 19:27:51 --> Connection timeout! --> [WinError 10061] No connection could be made because the target machine actively refused it

23/01/2021 19:28:01 --> Reconnecting...

23/01/2021 19:28:03 --> Connection timeout! --> [WinError 10061] No connection could be made because the target machine actively refused it

23/01/2021 19:28:08 --> Connection timeout! --> [WinError 10061] No connection could be made because the target machine actively refused it

23/01/2021 19:28:08 --> Starting Network

23/01/2021 19:28:08 --> Reconnecting...

23/01/2021 19:28:10 --> Connection timeout! --> [WinError 10061] No connection could be made because the target machine actively refused it

23/01/2021 19:28:21 --> Connection timeout! --> [WinError 10061] No connection could be made because the target machine actively refused it

23/01/2021 19:28:21 --> Starting Network

23/01/2021 19:28:21 --> Reconnecting...

23/01/2021 19:28:24 --> Connection timeout! --> [WinError 10061] No connection could be made because the target machine actively refused it

23/01/2021 19:28:34 --> Reconnecting...

23/01/2021 19:28:36 --> Connection timeout! --> [WinError 10061] No connection could be made because the target machine actively refused it

23/01/2021 19:28:42 --> Exiting UI

23/01/2021 19:28:46 --> Reconnecting...

23/01/2021 19:28:48 --> Connection timeout! --> [WinError 10061] No connection could be made because the target machine actively refused it

23/01/2021 19:28:58 --> Reconnecting...

23/01/2021 19:29:00 --> Connection timeout! --> [WinError 10061] No connection could be made because the target machine actively refused it

23/01/2021 19:29:10 --> Reconnecting...

23/01/2021 19:29:12 --> Connection timeout! --> [WinError 10061] No connection could be made because the target machine actively refused it

23/01/2021 19:29:22 --> Connection timeout! --> [WinError 10061] No connection could be made because the target machine actively refused it

23/01/2021 19:29:22 --> Starting Network

23/01/2021 19:29:22 --> Reconnecting...

23/01/2021 19:29:24 --> Connection timeout! --> [WinError 10061] No connection could be made because the target machine actively refused it

23/01/2021 19:29:34 --> Reconnecting...

23/01/2021 19:29:36 --> Connection timeout! --> [WinError 10061] No connection could be made because the target machine actively refused it

23/01/2021 19:29:40 --> Connection timeout! --> [WinError 10061] No connection could be made because the target machine actively refused it

23/01/2021 19:29:40 --> Starting Network

23/01/2021 19:29:40 --> Reconnecting...

23/01/2021 19:29:42 --> Connection timeout! --> [WinError 10061] No connection could be made because the target machine actively refused it

23/01/2021 19:29:52 --> Reconnecting...

23/01/2021 19:29:55 --> Connection timeout! --> [WinError 10061] No connection could be made because the target machine actively refused it

23/01/2021 19:30:05 --> Reconnecting...

23/01/2021 19:30:07 --> Connection timeout! --> [WinError 10061] No connection could be made because the target machine actively refused it

23/01/2021 19:30:11 --> Exiting UI

23/01/2021 19:30:17 --> Reconnecting...

23/01/2021 19:30:19 --> Connection timeout! --> [WinError 10061] No connection could be made because the target machine actively refused it

23/01/2021 19:30:29 --> Reconnecting...

23/01/2021 19:30:31 --> Connection timeout! --> [WinError 10061] No connection could be made because the target machine actively refused it

23/01/2021 19:30:41 --> Reconnecting...

23/01/2021 19:30:43 --> Connection timeout! --> [WinError 10061] No connection could be made because the target machine actively refused it

23/01/2021 19:30:53 --> Reconnecting...

23/01/2021 19:30:55 --> Connection timeout! --> [WinError 10061] No connection could be made because the target machine actively refused it

23/01/2021 19:30:58 --> Connection timeout! --> [WinError 10061] No connection could be made because the target machine actively refused it

23/01/2021 19:30:58 --> Starting Network

23/01/2021 19:30:58 --> Reconnecting...

23/01/2021 19:31:00 --> Connection timeout! --> [WinError 10061] No connection could be made because the target machine actively refused it

23/01/2021 19:31:10 --> Reconnecting...

23/01/2021 19:31:12 --> Connection timeout! --> [WinError 10061] No connection could be made because the target machine actively refused it

23/01/2021 19:31:22 --> Reconnecting...

23/01/2021 19:31:24 --> Connection timeout! --> [WinError 10061] No connection could be made because the target machine actively refused it

23/01/2021 19:31:34 --> Reconnecting...

23/01/2021 19:31:36 --> Connection timeout! --> [WinError 10061] No connection could be made because the target machine actively refused it

23/01/2021 19:31:46 --> Reconnecting...

23/01/2021 19:31:48 --> Connection timeout! --> [WinError 10061] No connection could be made because the target machine actively refused it

23/01/2021 19:31:57 --> Connection timeout! --> [WinError 10061] No connection could be made because the target machine actively refused it

23/01/2021 19:31:57 --> Starting Network

23/01/2021 19:31:57 --> Reconnecting...

23/01/2021 19:31:59 --> Connection timeout! --> [WinError 10061] No connection could be made because the target machine actively refused it

23/01/2021 19:32:06 --> Exiting UI

23/01/2021 19:32:09 --> Reconnecting...

23/01/2021 19:32:11 --> Connection timeout! --> [WinError 10061] No connection could be made because the target machine actively refused it

23/01/2021 19:32:21 --> Reconnecting...

23/01/2021 19:32:23 --> Connection timeout! --> [WinError 10061] No connection could be made because the target machine actively refused it

23/01/2021 19:32:30 --> Connection timeout! --> [WinError 10061] No connection could be made because the target machine actively refused it

23/01/2021 19:33:02 --> Connection timeout! --> [WinError 10061] No connection could be made because the target machine actively refused it

23/01/2021 19:33:02 --> Starting Network

23/01/2021 19:33:02 --> Reconnecting...

23/01/2021 19:33:04 --> Connection timeout! --> [WinError 10061] No connection could be made because the target machine actively refused it

23/01/2021 19:33:14 --> Reconnecting...

23/01/2021 19:33:16 --> Connection timeout! --> [WinError 10061] No connection could be made because the target machine actively refused it

23/01/2021 19:33:20 --> Exiting UI

23/01/2021 19:33:26 --> Reconnecting...

23/01/2021 19:33:28 --> Connection timeout! --> [WinError 10061] No connection could be made because the target machine actively refused it

23/01/2021 19:33:38 --> Reconnecting...

23/01/2021 19:33:40 --> Connection timeout! --> [WinError 10061] No connection could be made because the target machine actively refused it

23/01/2021 19:33:50 --> Reconnecting...

23/01/2021 19:33:52 --> Connection timeout! --> [WinError 10061] No connection could be made because the target machine actively refused it

23/01/2021 19:34:02 --> Reconnecting...

23/01/2021 19:34:04 --> Connection timeout! --> [WinError 10061] No connection could be made because the target machine actively refused it

23/01/2021 19:34:14 --> Reconnecting...

23/01/2021 19:34:16 --> Connection timeout! --> [WinError 10061] No connection could be made because the target machine actively refused it

23/01/2021 19:34:26 --> Reconnecting...

23/01/2021 19:34:31 --> Connection timeout! --> [WinError 10061] No connection could be made because the target machine actively refused it

23/01/2021 19:34:31 --> Starting Network

23/01/2021 19:34:31 --> Reconnecting...

23/01/2021 19:34:33 --> Connection timeout! --> [WinError 10061] No connection could be made because the target machine actively refused it

23/01/2021 19:34:44 --> Connection timeout! --> [WinError 10061] No connection could be made because the target machine actively refused it

23/01/2021 19:34:45 --> Starting Network

23/01/2021 19:34:45 --> Reconnecting...

23/01/2021 19:34:47 --> Connection timeout! --> [WinError 10061] No connection could be made because the target machine actively refused it

23/01/2021 19:34:57 --> Reconnecting...

23/01/2021 19:34:59 --> Connection timeout! --> [WinError 10061] No connection could be made because the target machine actively refused it

23/01/2021 19:35:03 --> Connection timeout! --> [WinError 10061] No connection could be made because the target machine actively refused it

23/01/2021 19:35:03 --> Starting Network

23/01/2021 19:35:03 --> Reconnecting...

23/01/2021 19:35:05 --> Connection timeout! --> [WinError 10061] No connection could be made because the target machine actively refused it

23/01/2021 19:35:15 --> Reconnecting...

23/01/2021 19:35:18 --> Connection timeout! --> [WinError 10061] No connection could be made because the target machine actively refused it

23/01/2021 19:35:28 --> Reconnecting...

23/01/2021 19:35:30 --> Connection timeout! --> [WinError 10061] No connection could be made because the target machine actively refused it

23/01/2021 19:35:40 --> Reconnecting...

23/01/2021 19:35:42 --> Connection timeout! --> [WinError 10061] No connection could be made because the target machine actively refused it

23/01/2021 19:35:52 --> Reconnecting...

23/01/2021 19:35:54 --> Connection timeout! --> [WinError 10061] No connection could be made because the target machine actively refused it

23/01/2021 19:36:02 --> Connection timeout! --> [WinError 10061] No connection could be made because the target machine actively refused it

23/01/2021 19:36:03 --> Starting Network

23/01/2021 19:36:03 --> Reconnecting...

23/01/2021 19:36:05 --> Connection timeout! --> [WinError 10061] No connection could be made because the target machine actively refused it

23/01/2021 19:36:15 --> Reconnecting...

23/01/2021 19:36:17 --> Connection timeout! --> [WinError 10061] No connection could be made because the target machine actively refused it

23/01/2021 19:36:26 --> Connection timeout! --> [WinError 10061] No connection could be made because the target machine actively refused it

23/01/2021 19:36:26 --> Starting Network

23/01/2021 19:36:26 --> Reconnecting...

23/01/2021 19:36:28 --> Connection timeout! --> [WinError 10061] No connection could be made because the target machine actively refused it

23/01/2021 19:36:40 --> Connection timeout! --> [WinError 10061] No connection could be made because the target machine actively refused it

23/01/2021 19:36:40 --> Starting Network

23/01/2021 19:36:40 --> Reconnecting...

23/01/2021 19:36:42 --> Connection timeout! --> [WinError 10061] No connection could be made because the target machine actively refused it

23/01/2021 19:36:54 --> Connection timeout! --> [WinError 10061] No connection could be made because the target machine actively refused it

23/01/2021 19:36:54 --> Starting Network

23/01/2021 19:36:54 --> Reconnecting...

23/01/2021 19:36:56 --> Connection timeout! --> [WinError 10061] No connection could be made because the target machine actively refused it

23/01/2021 19:37:06 --> Reconnecting...

23/01/2021 19:37:08 --> Connection timeout! --> [WinError 10061] No connection could be made because the target machine actively refused it

23/01/2021 19:37:13 --> Connection timeout! --> [WinError 10061] No connection could be made because the target machine actively refused it

23/01/2021 19:37:13 --> Starting Network

23/01/2021 19:37:13 --> Reconnecting...

23/01/2021 19:37:15 --> Connection timeout! --> [WinError 10061] No connection could be made because the target machine actively refused it

23/01/2021 19:37:25 --> Reconnecting...

23/01/2021 19:37:27 --> Connection timeout! --> [WinError 10061] No connection could be made because the target machine actively refused it

23/01/2021 19:37:38 --> Connection timeout! --> [WinError 10061] No connection could be made because the target machine actively refused it

23/01/2021 19:37:38 --> Starting Network

23/01/2021 19:37:38 --> Reconnecting...

23/01/2021 19:37:40 --> Connection timeout! --> [WinError 10061] No connection could be made because the target machine actively refused it

23/01/2021 19:37:50 --> Reconnecting...

23/01/2021 19:37:52 --> Connection timeout! --> [WinError 10061] No connection could be made because the target machine actively refused it

23/01/2021 19:38:00 --> Connection timeout! --> [WinError 10061] No connection could be made because the target machine actively refused it

23/01/2021 19:38:01 --> Starting Network

23/01/2021 19:38:01 --> Reconnecting...

23/01/2021 19:38:03 --> Connection timeout! --> [WinError 10061] No connection could be made because the target machine actively refused it

23/01/2021 19:38:13 --> Reconnecting...

23/01/2021 19:38:15 --> Connection timeout! --> [WinError 10061] No connection could be made because the target machine actively refused it

23/01/2021 19:38:25 --> Reconnecting...

23/01/2021 19:38:27 --> Connection timeout! --> [WinError 10061] No connection could be made because the target machine actively refused it

23/01/2021 19:38:37 --> Reconnecting...

23/01/2021 19:38:39 --> Connection timeout! --> [WinError 10061] No connection could be made because the target machine actively refused it

23/01/2021 19:38:49 --> Reconnecting...

23/01/2021 19:38:51 --> Connection timeout! --> [WinError 10061] No connection could be made because the target machine actively refused it

23/01/2021 19:39:01 --> Reconnecting...

23/01/2021 19:39:03 --> Connection timeout! --> [WinError 10061] No connection could be made because the target machine actively refused it

23/01/2021 19:39:13 --> Reconnecting...

23/01/2021 19:39:15 --> Connection timeout! --> [WinError 10061] No connection could be made because the target machine actively refused it

23/01/2021 19:39:25 --> Reconnecting...

23/01/2021 19:39:27 --> Connection timeout! --> [WinError 10061] No connection could be made because the target machine actively refused it

23/01/2021 19:39:37 --> Reconnecting...

23/01/2021 19:39:39 --> Connection timeout! --> [WinError 10061] No connection could be made because the target machine actively refused it

23/01/2021 19:39:49 --> Reconnecting...

23/01/2021 19:39:51 --> Connection timeout! --> [WinError 10061] No connection could be made because the target machine actively refused it

23/01/2021 19:39:56 --> Connection timeout! --> [WinError 10061] No connection could be made because the target machine actively refused it

23/01/2021 19:39:56 --> Starting Network

23/01/2021 19:39:56 --> Reconnecting...

23/01/2021 19:39:58 --> Connection timeout! --> [WinError 10061] No connection could be made because the target machine actively refused it

23/01/2021 19:40:08 --> Reconnecting...

23/01/2021 19:40:10 --> Connection timeout! --> [WinError 10061] No connection could be made because the target machine actively refused it

23/01/2021 19:40:20 --> Reconnecting...

23/01/2021 19:40:22 --> Connection timeout! --> [WinError 10061] No connection could be made because the target machine actively refused it

23/01/2021 19:40:32 --> Reconnecting...

23/01/2021 19:40:34 --> Connection timeout! --> [WinError 10061] No connection could be made because the target machine actively refused it

23/01/2021 19:40:35 --> Exiting UI

23/01/2021 19:40:44 --> Reconnecting...

23/01/2021 19:40:46 --> Connection timeout! --> [WinError 10061] No connection could be made because the target machine actively refused it

23/01/2021 19:40:56 --> Reconnecting...

23/01/2021 19:40:58 --> Connection timeout! --> [WinError 10061] No connection could be made because the target machine actively refused it

23/01/2021 19:41:08 --> Reconnecting...

23/01/2021 19:41:10 --> Connection timeout! --> [WinError 10061] No connection could be made because the target machine actively refused it

23/01/2021 19:41:20 --> Reconnecting...

23/01/2021 19:41:22 --> Connection timeout! --> [WinError 10061] No connection could be made because the target machine actively refused it

23/01/2021 19:41:32 --> Reconnecting...

23/01/2021 19:41:35 --> Connection timeout! --> [WinError 10061] No connection could be made because the target machine actively refused it

23/01/2021 19:41:45 --> Reconnecting...

23/01/2021 19:41:47 --> Connection timeout! --> [WinError 10061] No connection could be made because the target machine actively refused it

23/01/2021 19:41:57 --> Reconnecting...

23/01/2021 19:41:59 --> Connection timeout! --> [WinError 10061] No connection could be made because the target machine actively refused it

23/01/2021 19:42:03 --> Connection timeout! --> [WinError 10061] No connection could be made because the target machine actively refused it

23/01/2021 19:42:03 --> Starting Network

23/01/2021 19:42:03 --> Reconnecting...

23/01/2021 19:42:05 --> Connection timeout! --> [WinError 10061] No connection could be made because the target machine actively refused it

23/01/2021 19:42:15 --> Connection timeout! --> [WinError 10061] No connection could be made because the target machine actively refused it

23/01/2021 19:42:15 --> Starting Network

23/01/2021 19:42:15 --> Reconnecting...

23/01/2021 19:42:17 --> Connection timeout! --> [WinError 10061] No connection could be made because the target machine actively refused it

23/01/2021 19:42:27 --> Reconnecting...

23/01/2021 19:42:29 --> Connection timeout! --> [WinError 10061] No connection could be made because the target machine actively refused it

23/01/2021 19:42:39 --> Reconnecting...

23/01/2021 19:42:41 --> Connection timeout! --> [WinError 10061] No connection could be made because the target machine actively refused it

23/01/2021 19:42:51 --> Reconnecting...

23/01/2021 19:42:54 --> Connection timeout! --> [WinError 10061] No connection could be made because the target machine actively refused it

23/01/2021 19:43:04 --> Reconnecting...

23/01/2021 19:43:06 --> Connection timeout! --> [WinError 10061] No connection could be made because the target machine actively refused it

23/01/2021 19:43:16 --> Reconnecting...

23/01/2021 19:43:18 --> Connection timeout! --> [WinError 10061] No connection could be made because the target machine actively refused it

23/01/2021 19:43:28 --> Reconnecting...

23/01/2021 19:43:30 --> Connection timeout! --> [WinError 10061] No connection could be made because the target machine actively refused it

23/01/2021 19:43:40 --> Reconnecting...

23/01/2021 19:43:42 --> Connection timeout! --> [WinError 10061] No connection could be made because the target machine actively refused it

23/01/2021 19:43:52 --> Reconnecting...

23/01/2021 19:43:54 --> Connection timeout! --> [WinError 10061] No connection could be made because the target machine actively refused it

23/01/2021 19:44:02 --> Connection timeout! --> [WinError 10061] No connection could be made because the target machine actively refused it

23/01/2021 19:44:02 --> Starting Network

23/01/2021 19:44:02 --> Reconnecting...

23/01/2021 19:44:04 --> Connection timeout! --> [WinError 10061] No connection could be made because the target machine actively refused it

23/01/2021 19:44:14 --> Reconnecting...

23/01/2021 19:44:16 --> Connection timeout! --> [WinError 10061] No connection could be made because the target machine actively refused it

23/01/2021 19:44:26 --> Reconnecting...

23/01/2021 19:44:28 --> Connection timeout! --> [WinError 10061] No connection could be made because the target machine actively refused it

23/01/2021 19:44:38 --> Reconnecting...

23/01/2021 19:44:40 --> Connection timeout! --> [WinError 10061] No connection could be made because the target machine actively refused it

23/01/2021 19:44:50 --> Reconnecting...

23/01/2021 19:44:52 --> Connection timeout! --> [WinError 10061] No connection could be made because the target machine actively refused it

23/01/2021 19:45:02 --> Reconnecting...

23/01/2021 19:45:04 --> Connection timeout! --> [WinError 10061] No connection could be made because the target machine actively refused it

23/01/2021 19:45:14 --> Reconnecting...

23/01/2021 19:45:16 --> Connection timeout! --> [WinError 10061] No connection could be made because the target machine actively refused it

23/01/2021 19:45:26 --> Reconnecting...

23/01/2021 19:45:29 --> Connection timeout! --> [WinError 10061] No connection could be made because the target machine actively refused it

23/01/2021 19:45:39 --> Reconnecting...

23/01/2021 19:45:41 --> Connection timeout! --> [WinError 10061] No connection could be made because the target machine actively refused it

23/01/2021 19:45:51 --> Reconnecting...

23/01/2021 19:45:53 --> Connection timeout! --> [WinError 10061] No connection could be made because the target machine actively refused it

23/01/2021 19:46:04 --> Connection timeout! --> [WinError 10061] No connection could be made because the target machine actively refused it

23/01/2021 19:46:18 --> Connection timeout! --> [WinError 10061] No connection could be made because the target machine actively refused it

23/01/2021 19:46:18 --> Starting Network

23/01/2021 19:46:18 --> Reconnecting...

23/01/2021 19:46:20 --> Connection timeout! --> [WinError 10061] No connection could be made because the target machine actively refused it

23/01/2021 19:46:30 --> Reconnecting...

23/01/2021 19:46:32 --> Connection timeout! --> [WinError 10061] No connection could be made because the target machine actively refused it

23/01/2021 19:46:42 --> Reconnecting...

23/01/2021 19:46:44 --> Connection timeout! --> [WinError 10061] No connection could be made because the target machine actively refused it

23/01/2021 19:46:54 --> Reconnecting...

23/01/2021 19:46:56 --> Connection timeout! --> [WinError 10061] No connection could be made because the target machine actively refused it

23/01/2021 19:47:03 --> Connection timeout! --> [WinError 10061] No connection could be made because the target machine actively refused it

23/01/2021 19:47:03 --> Starting Network

23/01/2021 19:47:03 --> Reconnecting...

23/01/2021 19:47:05 --> Connection timeout! --> [WinError 10061] No connection could be made because the target machine actively refused it

23/01/2021 19:47:15 --> Reconnecting...

23/01/2021 19:47:17 --> Connection timeout! --> [WinError 10061] No connection could be made because the target machine actively refused it

23/01/2021 19:47:27 --> Reconnecting...

23/01/2021 19:47:29 --> Connection timeout! --> [WinError 10061] No connection could be made because the target machine actively refused it

23/01/2021 19:47:35 --> Connection timeout! --> [WinError 10061] No connection could be made because the target machine actively refused it

23/01/2021 19:47:35 --> Starting Network

23/01/2021 19:47:35 --> Reconnecting...

23/01/2021 19:47:37 --> Connection timeout! --> [WinError 10061] No connection could be made because the target machine actively refused it

23/01/2021 19:47:47 --> Reconnecting...

23/01/2021 19:47:49 --> Connection timeout! --> [WinError 10061] No connection could be made because the target machine actively refused it

23/01/2021 19:47:59 --> Reconnecting...

23/01/2021 19:48:01 --> Connection timeout! --> [WinError 10061] No connection could be made because the target machine actively refused it

23/01/2021 19:48:08 --> Exiting UI

23/01/2021 19:48:11 --> Reconnecting...

23/01/2021 19:48:13 --> Connection timeout! --> [WinError 10061] No connection could be made because the target machine actively refused it

